app/build/outputs/logs/manifest-merger-release-report.txt
-- Merging decision tree log ---
manifest
ADDED from src/main/AndroidManifest.xml:2:1-144:12
	package
		ADDED from src/main/AndroidManifest.xml:4:5-31
		INJECTED from src/main/AndroidManifest.xml
		INJECTED from src/main/AndroidManifest.xml
	android:versionName
		INJECTED from src/main/AndroidManifest.xml
		INJECTED from src/main/AndroidManifest.xml
	xmlns:tools
		ADDED from src/main/AndroidManifest.xml:3:5-51
	xmlns:android
		ADDED from src/main/AndroidManifest.xml:2:11-69
	android:versionCode
		INJECTED from src/main/AndroidManifest.xml
		INJECTED from src/main/AndroidManifest.xml
uses-permission#android.permission.INTERNET
ADDED from src/main/AndroidManifest.xml:6:5-67
MERGED from [com.google.android.gms:play-services-gcm:9.8.00] AndroidManifest.xml:21:5-66
MERGED from [com.google.android.gms:play-services-iid:9.8.00] AndroidManifest.xml:21:5-66
MERGED from [com.google.firebase:firebase-analytics:9.8.00] AndroidManifest.xml:20:5-66
MERGED from [com.google.firebase:firebase-analytics-impl:9.8.00] AndroidManifest.xml:20:5-66
MERGED from [com.google.firebase:firebase-iid:9.8.00] AndroidManifest.xml:20:5-66
	android:name
		ADDED from src/main/AndroidManifest.xml:6:22-64
uses-permission#android.permission.ACCESS_NETWORK_STATE
ADDED from src/main/AndroidManifest.xml:7:5-79
MERGED from [com.google.firebase:firebase-analytics:9.8.00] AndroidManifest.xml:21:5-78
MERGED from [com.google.firebase:firebase-analytics-impl:9.8.00] AndroidManifest.xml:21:5-78
MERGED from [com.google.firebase:firebase-iid:9.8.00] AndroidManifest.xml:19:5-78
	android:name
		ADDED from src/main/AndroidManifest.xml:7:22-76
uses-permission#android.permission.ACCESS_WIFI_STATE
ADDED from src/main/AndroidManifest.xml:8:5-76
	android:name
		ADDED from src/main/AndroidManifest.xml:8:22-73
uses-permission#android.permission.WAKE_LOCK
ADDED from src/main/AndroidManifest.xml:9:5-68
MERGED from [com.google.firebase:firebase-analytics:9.8.00] AndroidManifest.xml:22:5-67
MERGED from [com.google.firebase:firebase-analytics-impl:9.8.00] AndroidManifest.xml:22:5-67
MERGED from [com.google.firebase:firebase-iid:9.8.00] AndroidManifest.xml:21:5-67
	android:name
		ADDED from src/main/AndroidManifest.xml:9:22-65
uses-permission#com.google.android.c2dm.permission.RECEIVE
ADDED from src/main/AndroidManifest.xml:10:5-82
MERGED from [com.google.android.gms:play-services-gcm:9.8.00] AndroidManifest.xml:20:5-81
MERGED from [com.google.android.gms:play-services-iid:9.8.00] AndroidManifest.xml:20:5-81
MERGED from [com.google.firebase:firebase-iid:9.8.00] AndroidManifest.xml:22:5-81
	android:name
		ADDED from src/main/AndroidManifest.xml:10:22-79
uses-permission#android.permission.WRITE_EXTERNAL_STORAGE
ADDED from src/main/AndroidManifest.xml:11:5-80
	android:name
		ADDED from src/main/AndroidManifest.xml:11:22-78
uses-permission#android.permission.READ_EXTERNAL_STORAGE
ADDED from src/main/AndroidManifest.xml:12:5-80
	android:name
		ADDED from src/main/AndroidManifest.xml:12:22-77
permission#com.amazon.yonapp.permission.C2D_MESSAGE
ADDED from src/main/AndroidManifest.xml:14:5-16:47
	android:protectionLevel
		ADDED from src/main/AndroidManifest.xml:16:9-44
	android:name
		ADDED from src/main/AndroidManifest.xml:15:9-64
uses-permission#com.amazon.yonapp.permission.C2D_MESSAGE
ADDED from src/main/AndroidManifest.xml:18:5-80
	android:name
		ADDED from src/main/AndroidManifest.xml:18:22-77
uses-permission#android.permission.GET_ACCOUNTS
ADDED from src/main/AndroidManifest.xml:19:5-71
	android:name
		ADDED from src/main/AndroidManifest.xml:19:22-68
uses-permission#android.permission.USE_CREDENTIALS
ADDED from src/main/AndroidManifest.xml:20:5-74
	android:name
		ADDED from src/main/AndroidManifest.xml:20:22-71
application
ADDED from src/main/AndroidManifest.xml:22:5-142:19
MERGED from [com.google.android.gms:play-services-gcm:9.8.00] AndroidManifest.xml:23:5-19
MERGED from [com.google.android.gms:play-services-base:9.8.00] AndroidManifest.xml:18:5-20:19
MERGED from [com.google.android.gms:play-services-basement:9.8.00] AndroidManifest.xml:19:5-21:19
MERGED from [com.android.support:support-v4:24.0.0] AndroidManifest.xml:25:5-20
MERGED from [com.google.android.gms:play-services-tasks:9.8.00] AndroidManifest.xml:4:5-19
MERGED from [com.google.android.gms:play-services-iid:9.8.00] AndroidManifest.xml:23:5-19
MERGED from [com.facebook.android:facebook-android-sdk:4.6.0] AndroidManifest.xml:28:5-20
MERGED from [com.google.android.gms:play-services-plus:9.8.00] AndroidManifest.xml:18:5-19
MERGED from [com.google.android.gms:play-services-auth:9.8.00] AndroidManifest.xml:19:5-25:19
MERGED from [com.google.firebase:firebase-core:9.8.00] AndroidManifest.xml:5:5-20
MERGED from [com.google.firebase:firebase-analytics:9.8.00] AndroidManifest.xml:24:5-33:19
MERGED from [com.google.firebase:firebase-common:9.8.00] AndroidManifest.xml:4:5-7:19
MERGED from [com.google.firebase:firebase-analytics-impl:9.8.00] AndroidManifest.xml:24:5-28:19
MERGED from [com.google.firebase:firebase-iid:9.8.00] AndroidManifest.xml:28:5-50:19
MERGED from [com.github.d-max:spots-dialog:0.7] AndroidManifest.xml:12:5-20
MERGED from [devlight.io:navigationtabbar:1.2.5] AndroidManifest.xml:23:5-26:38
MERGED from [com.android.support:design:23.4.0] AndroidManifest.xml:22:5-20
MERGED from [com.android.support:appcompat-v7:23.4.0] AndroidManifest.xml:25:5-20
MERGED from [com.android.support:animated-vector-drawable:23.4.0] AndroidManifest.xml:7:5-20
MERGED from [com.android.support:support-vector-drawable:23.4.0] AndroidManifest.xml:7:5-20
	android:label
		ADDED from src/main/AndroidManifest.xml:26:9-41
	android:supportsRtl
		ADDED from [devlight.io:navigationtabbar:1.2.5] AndroidManifest.xml:26:9-35
	android:hardwareAccelerated
		ADDED from src/main/AndroidManifest.xml:29:9-43
	android:allowBackup
		ADDED from src/main/AndroidManifest.xml:24:9-35
	android:icon
		ADDED from src/main/AndroidManifest.xml:25:9-43
	android:theme
		ADDED from src/main/AndroidManifest.xml:28:9-40
	tools:replace
		ADDED from src/main/AndroidManifest.xml:27:9-37
	android:name
		ADDED from src/main/AndroidManifest.xml:23:9-36
activity#co.koriel.yonapp.SplashActivity
ADDED from src/main/AndroidManifest.xml:30:9-40:20
	android:screenOrientation
		ADDED from src/main/AndroidManifest.xml:34:13-49
	android:label
		ADDED from src/main/AndroidManifest.xml:33:13-45
	android:configChanges
		ADDED from src/main/AndroidManifest.xml:32:13-83
	android:name
		ADDED from src/main/AndroidManifest.xml:31:13-43
intent-filter#android.intent.action.MAIN+android.intent.category.LAUNCHER
ADDED from src/main/AndroidManifest.xml:35:13-39:29
action#android.intent.action.MAIN
ADDED from src/main/AndroidManifest.xml:36:17-69
	android:name
		ADDED from src/main/AndroidManifest.xml:36:25-66
category#android.intent.category.LAUNCHER
ADDED from src/main/AndroidManifest.xml:38:17-77
	android:name
		ADDED from src/main/AndroidManifest.xml:38:27-74
activity#co.koriel.yonapp.SignInActivity
ADDED from src/main/AndroidManifest.xml:41:9-45:61
	android:screenOrientation
		ADDED from src/main/AndroidManifest.xml:45:13-49
	android:label
		ADDED from src/main/AndroidManifest.xml:44:13-59
	android:configChanges
		ADDED from src/main/AndroidManifest.xml:43:13-83
	android:name
		ADDED from src/main/AndroidManifest.xml:42:13-43
activity#co.koriel.yonapp.MainActivity
ADDED from src/main/AndroidManifest.xml:46:9-61:20
	android:screenOrientation
		ADDED from src/main/AndroidManifest.xml:49:13-49
	android:label
		ADDED from src/main/AndroidManifest.xml:48:13-56
	android:name
		ADDED from src/main/AndroidManifest.xml:47:13-41
intent-filter#android.intent.action.MAIN+android.intent.action.VIEW+android.intent.category.BROWSABLE+android.intent.category.DEFAULT+android.intent.category.LAUNCHER
ADDED from src/main/AndroidManifest.xml:50:13-60:29
action#android.intent.action.VIEW
ADDED from src/main/AndroidManifest.xml:54:17-69
	android:name
		ADDED from src/main/AndroidManifest.xml:54:25-66
category#android.intent.category.DEFAULT
ADDED from src/main/AndroidManifest.xml:55:17-76
	android:name
		ADDED from src/main/AndroidManifest.xml:55:27-73
category#android.intent.category.BROWSABLE
ADDED from src/main/AndroidManifest.xml:56:17-78
	android:name
		ADDED from src/main/AndroidManifest.xml:56:27-75
data
ADDED from src/main/AndroidManifest.xml:58:17-59:61
	android:host
		ADDED from src/main/AndroidManifest.xml:59:21-58
	android:scheme
		ADDED from src/main/AndroidManifest.xml:58:23-60
service#com.amazonaws.mobileconnectors.s3.transferutility.TransferService
ADDED from src/main/AndroidManifest.xml:63:9-65:38
	android:enabled
		ADDED from src/main/AndroidManifest.xml:65:13-35
	android:name
		ADDED from src/main/AndroidManifest.xml:64:13-93
service#co.amazonaws.mobile.downloader.service.DownloadService
ADDED from src/main/AndroidManifest.xml:66:9-90
	android:name
		ADDED from src/main/AndroidManifest.xml:66:18-87
receiver#co.amazonaws.mobile.downloader.service.NetworkStateListener
ADDED from src/main/AndroidManifest.xml:68:9-75:20
	android:enabled
		ADDED from src/main/AndroidManifest.xml:70:13-36
	android:exported
		ADDED from src/main/AndroidManifest.xml:71:13-37
	android:name
		ADDED from src/main/AndroidManifest.xml:69:13-87
intent-filter#android.net.conn.CONNECTIVITY_CHANGE
ADDED from src/main/AndroidManifest.xml:72:13-74:29
action#android.net.conn.CONNECTIVITY_CHANGE
ADDED from src/main/AndroidManifest.xml:73:17-79
	android:name
		ADDED from src/main/AndroidManifest.xml:73:25-76
provider#co.amazonaws.mobile.downloader.query.DownloadQueueProvider
ADDED from src/main/AndroidManifest.xml:77:9-81:49
	android:authorities
		ADDED from src/main/AndroidManifest.xml:79:13-76
	android:enabled
		ADDED from src/main/AndroidManifest.xml:80:13-35
	android:exported
		ADDED from src/main/AndroidManifest.xml:81:13-37
	android:name
		ADDED from src/main/AndroidManifest.xml:78:13-86
provider#android.support.v4.content.FileProvider
ADDED from src/main/AndroidManifest.xml:82:9-90:20
	android:authorities
		ADDED from src/main/AndroidManifest.xml:84:13-74
	android:grantUriPermissions
		ADDED from src/main/AndroidManifest.xml:86:13-47
	android:exported
		ADDED from src/main/AndroidManifest.xml:85:13-37
	android:name
		ADDED from src/main/AndroidManifest.xml:83:13-67
meta-data#android.support.FILE_PROVIDER_PATHS
ADDED from src/main/AndroidManifest.xml:87:13-89:66
	android:resource
		ADDED from src/main/AndroidManifest.xml:89:17-63
	android:name
		ADDED from src/main/AndroidManifest.xml:88:17-67
provider#com.facebook.FacebookContentProvider
ADDED from src/main/AndroidManifest.xml:92:9-94:38
	android:authorities
		ADDED from src/main/AndroidManifest.xml:92:19-96
	android:exported
		ADDED from src/main/AndroidManifest.xml:94:13-36
	android:name
		ADDED from src/main/AndroidManifest.xml:93:13-64
activity#com.facebook.FacebookActivity
ADDED from src/main/AndroidManifest.xml:101:9-105:75
	android:label
		ADDED from src/main/AndroidManifest.xml:104:13-45
	android:configChanges
		ADDED from src/main/AndroidManifest.xml:103:13-96
	android:theme
		ADDED from src/main/AndroidManifest.xml:105:13-72
	android:name
		ADDED from src/main/AndroidManifest.xml:102:13-57
meta-data#com.facebook.sdk.ApplicationId
ADDED from src/main/AndroidManifest.xml:107:9-109:55
	android:value
		ADDED from src/main/AndroidManifest.xml:109:13-52
	android:name
		ADDED from src/main/AndroidManifest.xml:108:13-58
meta-data#com.google.android.gms.version
ADDED from src/main/AndroidManifest.xml:113:9-115:69
MERGED from [com.google.android.gms:play-services-basement:9.8.00] AndroidManifest.xml:20:9-121
	android:value
		ADDED from src/main/AndroidManifest.xml:115:13-66
	android:name
		ADDED from src/main/AndroidManifest.xml:114:13-58
receiver#com.google.android.gms.gcm.GcmReceiver
ADDED from src/main/AndroidManifest.xml:119:9-128:20
	android:exported
		ADDED from src/main/AndroidManifest.xml:121:13-36
	android:permission
		ADDED from src/main/AndroidManifest.xml:122:13-73
	android:name
		ADDED from src/main/AndroidManifest.xml:120:13-66
intent-filter#co.koriel.yonapp+com.google.android.c2dm.intent.RECEIVE
ADDED from src/main/AndroidManifest.xml:123:13-127:29
action#com.google.android.c2dm.intent.RECEIVE
ADDED from src/main/AndroidManifest.xml:124:17-81
	android:name
		ADDED from src/main/AndroidManifest.xml:124:25-78
category#co.koriel.yonapp
ADDED from src/main/AndroidManifest.xml:126:17-61
	android:name
		ADDED from src/main/AndroidManifest.xml:126:27-58
service#co.koriel.yonapp.PushListenerService
ADDED from src/main/AndroidManifest.xml:130:9-136:19
	android:exported
		ADDED from src/main/AndroidManifest.xml:132:13-37
	android:name
		ADDED from src/main/AndroidManifest.xml:131:13-48
intent-filter#com.google.android.c2dm.intent.RECEIVE
ADDED from src/main/AndroidManifest.xml:133:13-135:29
meta-data#com.kakao.sdk.AppKey
ADDED from src/main/AndroidManifest.xml:139:9-141:53
	android:value
		ADDED from src/main/AndroidManifest.xml:141:13-50
	android:name
		ADDED from src/main/AndroidManifest.xml:140:13-48
uses-sdk
INJECTED from src/main/AndroidManifest.xml reason: use-sdk injection requested
MERGED from [com.android.support:multidex:1.0.1] AndroidManifest.xml:18:5-42
MERGED from [com.kakao.sdk:kakaolink:1.1.25] AndroidManifest.xml:11:5-13:41
MERGED from [com.kakao.sdk:util:1.1.25] AndroidManifest.xml:11:5-13:41
MERGED from [com.google.android.gms:play-services-gcm:9.8.00] AndroidManifest.xml:17:5-42
MERGED from [com.google.android.gms:play-services-base:9.8.00] AndroidManifest.xml:17:5-42
MERGED from [com.google.android.gms:play-services-basement:9.8.00] AndroidManifest.xml:17:5-42
MERGED from [com.android.support:support-v4:24.0.0] AndroidManifest.xml:21:5-23:54
MERGED from [com.google.android.gms:play-services-tasks:9.8.00] AndroidManifest.xml:3:5-42
MERGED from [com.google.android.gms:play-services-iid:9.8.00] AndroidManifest.xml:17:5-42
MERGED from [com.facebook.android:facebook-android-sdk:4.6.0] AndroidManifest.xml:24:5-26:41
MERGED from [com.google.android.gms:play-services-plus:9.8.00] AndroidManifest.xml:17:5-42
MERGED from [com.google.android.gms:play-services-auth:9.8.00] AndroidManifest.xml:17:5-42
MERGED from [com.google.android.gms:play-services-auth-base:9.8.00] AndroidManifest.xml:4:5-42
MERGED from [com.google.firebase:firebase-core:9.8.00] AndroidManifest.xml:4:5-42
MERGED from [com.google.firebase:firebase-analytics:9.8.00] AndroidManifest.xml:17:5-42
MERGED from [com.google.firebase:firebase-common:9.8.00] AndroidManifest.xml:3:5-42
MERGED from [com.google.firebase:firebase-analytics-impl:9.8.00] AndroidManifest.xml:17:5-42
MERGED from [com.google.firebase:firebase-iid:9.8.00] AndroidManifest.xml:17:5-42
MERGED from [com.flyco.dialog:FlycoDialog_Lib:1.3.2] AndroidManifest.xml:7:5-9:41
MERGED from [com.github.d-max:spots-dialog:0.7] AndroidManifest.xml:8:5-10:41
MERGED from [devlight.io:navigationtabbar:1.2.5] AndroidManifest.xml:19:5-21:41
MERGED from [com.android.support:design:23.4.0] AndroidManifest.xml:20:5-43
MERGED from [com.android.support:recyclerview-v7:23.4.0] AndroidManifest.xml:20:5-43
MERGED from [com.android.support:appcompat-v7:23.4.0] AndroidManifest.xml:21:5-23:78
MERGED from [com.android.support:animated-vector-drawable:23.4.0] AndroidManifest.xml:5:5-44
MERGED from [com.android.support:support-vector-drawable:23.4.0] AndroidManifest.xml:5:5-43
	tools:overrideLibrary
		ADDED from [com.android.support:support-v4:24.0.0] AndroidManifest.xml:23:9-51
	android:targetSdkVersion
		INJECTED from src/main/AndroidManifest.xml
		INJECTED from src/main/AndroidManifest.xml
	android:minSdkVersion
		INJECTED from src/main/AndroidManifest.xml
		INJECTED from src/main/AndroidManifest.xml
activity#com.google.android.gms.common.api.GoogleApiActivity
ADDED from [com.google.android.gms:play-services-base:9.8.00] AndroidManifest.xml:19:9-172
	android:exported
		ADDED from [com.google.android.gms:play-services-base:9.8.00] AndroidManifest.xml:19:146-170
	android:theme
		ADDED from [com.google.android.gms:play-services-base:9.8.00] AndroidManifest.xml:19:86-145
	android:name
		ADDED from [com.google.android.gms:play-services-base:9.8.00] AndroidManifest.xml:19:19-85
activity#com.google.android.gms.auth.api.signin.internal.SignInHubActivity
ADDED from [com.google.android.gms:play-services-auth:9.8.00] AndroidManifest.xml:20:9-189
	android:excludeFromRecents
		ADDED from [com.google.android.gms:play-services-auth:9.8.00] AndroidManifest.xml:20:129-162
	android:exported
		ADDED from [com.google.android.gms:play-services-auth:9.8.00] AndroidManifest.xml:20:163-187
	android:theme
		ADDED from [com.google.android.gms:play-services-auth:9.8.00] AndroidManifest.xml:20:69-128
	android:name
		ADDED from [com.google.android.gms:play-services-auth:9.8.00] AndroidManifest.xml:20:19-68
service#com.google.android.gms.auth.api.signin.RevocationBoundService
ADDED from [com.google.android.gms:play-services-auth:9.8.00] AndroidManifest.xml:24:9-184
	android:exported
		ADDED from [com.google.android.gms:play-services-auth:9.8.00] AndroidManifest.xml:24:64-87
	android:permission
		ADDED from [com.google.android.gms:play-services-auth:9.8.00] AndroidManifest.xml:24:88-182
	android:name
		ADDED from [com.google.android.gms:play-services-auth:9.8.00] AndroidManifest.xml:24:18-63
receiver#com.google.android.gms.measurement.AppMeasurementReceiver
ADDED from [com.google.firebase:firebase-analytics:9.8.00] AndroidManifest.xml:25:7-26:18
MERGED from [com.google.firebase:firebase-analytics-impl:9.8.00] AndroidManifest.xml:25:7-26:18
	android:enabled
		ADDED from [com.google.firebase:firebase-analytics:9.8.00] AndroidManifest.xml:25:90-112
	android:exported
		ADDED from [com.google.firebase:firebase-analytics:9.8.00] AndroidManifest.xml:25:113-137
	android:name
		ADDED from [com.google.firebase:firebase-analytics:9.8.00] AndroidManifest.xml:25:17-89
receiver#com.google.android.gms.measurement.AppMeasurementInstallReferrerReceiver
ADDED from [com.google.firebase:firebase-analytics:9.8.00] AndroidManifest.xml:27:7-31:18
	android:enabled
		ADDED from [com.google.firebase:firebase-analytics:9.8.00] AndroidManifest.xml:27:162-184
	android:permission
		ADDED from [com.google.firebase:firebase-analytics:9.8.00] AndroidManifest.xml:27:105-161
	android:name
		ADDED from [com.google.firebase:firebase-analytics:9.8.00] AndroidManifest.xml:27:17-104
intent-filter#com.android.vending.INSTALL_REFERRER
ADDED from [com.google.firebase:firebase-analytics:9.8.00] AndroidManifest.xml:28:11-30:27
action#com.android.vending.INSTALL_REFERRER
ADDED from [com.google.firebase:firebase-analytics:9.8.00] AndroidManifest.xml:29:15-76
	android:name
		ADDED from [com.google.firebase:firebase-analytics:9.8.00] AndroidManifest.xml:29:23-74
service#com.google.android.gms.measurement.AppMeasurementService
ADDED from [com.google.firebase:firebase-analytics:9.8.00] AndroidManifest.xml:32:7-137
MERGED from [com.google.firebase:firebase-analytics-impl:9.8.00] AndroidManifest.xml:27:7-137
	android:enabled
		ADDED from [com.google.firebase:firebase-analytics:9.8.00] AndroidManifest.xml:32:88-110
	android:exported
		ADDED from [com.google.firebase:firebase-analytics:9.8.00] AndroidManifest.xml:32:111-135
	android:name
		ADDED from [com.google.firebase:firebase-analytics:9.8.00] AndroidManifest.xml:32:16-87
provider#com.google.firebase.provider.FirebaseInitProvider
ADDED from [com.google.firebase:firebase-common:9.8.00] AndroidManifest.xml:6:9-175
	android:authorities
		ADDED from [com.google.firebase:firebase-common:9.8.00] AndroidManifest.xml:6:19-78
	android:exported
		ADDED from [com.google.firebase:firebase-common:9.8.00] AndroidManifest.xml:6:125-149
	android:initOrder
		ADDED from [com.google.firebase:firebase-common:9.8.00] AndroidManifest.xml:6:150-173
	android:name
		ADDED from [com.google.firebase:firebase-common:9.8.00] AndroidManifest.xml:6:79-124
permission#${applicationId}.permission.C2D_MESSAGE
ADDED from [com.google.firebase:firebase-iid:9.8.00] AndroidManifest.xml:24:5-109
	android:protectionLevel
		ADDED from [com.google.firebase:firebase-iid:9.8.00] AndroidManifest.xml:24:72-107
	android:name
		ADDED from [com.google.firebase:firebase-iid:9.8.00] AndroidManifest.xml:24:17-71
uses-permission#${applicationId}.permission.C2D_MESSAGE
ADDED from [com.google.firebase:firebase-iid:9.8.00] AndroidManifest.xml:26:5-78
	android:name
		ADDED from [com.google.firebase:firebase-iid:9.8.00] AndroidManifest.xml:26:22-76
receiver#com.google.firebase.iid.FirebaseInstanceIdReceiver
ADDED from [com.google.firebase:firebase-iid:9.8.00] AndroidManifest.xml:30:9-36:20
	android:exported
		ADDED from [com.google.firebase:firebase-iid:9.8.00] AndroidManifest.xml:30:85-108
	android:permission
		ADDED from [com.google.firebase:firebase-iid:9.8.00] AndroidManifest.xml:30:109-169
	android:name
		ADDED from [com.google.firebase:firebase-iid:9.8.00] AndroidManifest.xml:30:19-84
intent-filter#${applicationId}+com.google.android.c2dm.intent.RECEIVE+com.google.android.c2dm.intent.REGISTRATION
ADDED from [com.google.firebase:firebase-iid:9.8.00] AndroidManifest.xml:31:13-35:29
action#com.google.android.c2dm.intent.REGISTRATION
ADDED from [com.google.firebase:firebase-iid:9.8.00] AndroidManifest.xml:33:17-85
	android:name
		ADDED from [com.google.firebase:firebase-iid:9.8.00] AndroidManifest.xml:33:25-83
category#${applicationId}
ADDED from [com.google.firebase:firebase-iid:9.8.00] AndroidManifest.xml:34:17-60
	android:name
		ADDED from [com.google.firebase:firebase-iid:9.8.00] AndroidManifest.xml:34:27-58
receiver#com.google.firebase.iid.FirebaseInstanceIdInternalReceiver
ADDED from [com.google.firebase:firebase-iid:9.8.00] AndroidManifest.xml:40:9-119
	android:exported
		ADDED from [com.google.firebase:firebase-iid:9.8.00] AndroidManifest.xml:40:93-117
	android:name
		ADDED from [com.google.firebase:firebase-iid:9.8.00] AndroidManifest.xml:40:19-92
service#com.google.firebase.iid.FirebaseInstanceIdService
ADDED from [com.google.firebase:firebase-iid:9.8.00] AndroidManifest.xml:44:9-48:19
	android:exported
		ADDED from [com.google.firebase:firebase-iid:9.8.00] AndroidManifest.xml:44:83-106
	android:name
		ADDED from [com.google.firebase:firebase-iid:9.8.00] AndroidManifest.xml:44:18-82
intent-filter#com.google.firebase.INSTANCE_ID_EVENT
ADDED from [com.google.firebase:firebase-iid:9.8.00] AndroidManifest.xml:45:13-47:29
	android:priority
		ADDED from [com.google.firebase:firebase-iid:9.8.00] AndroidManifest.xml:45:28-51
action#com.google.firebase.INSTANCE_ID_EVENT
ADDED from [com.google.firebase:firebase-iid:9.8.00] AndroidManifest.xml:46:17-79
	android:name
		ADDED from [com.google.firebase:firebase-iid:9.8.00] AndroidManifest.xml:46:25-77